Watching for changes in /home/chius/repo/gitea/www/archetypes, /home/chius/repo/gitea/www/assets, /home/chius/repo/gitea/www/content/posts, /home/chius/repo/gitea/www/data, /home/chius/repo/gitea/www/i18n, /home/chius/repo/gitea/www/layouts/partials, /home/chius/repo/gitea/www/static, /home/chius/repo/gitea/www/themes/PaperMod/assets/{css,js}, /home/chius/repo/gitea/www/themes/PaperMod/i18n, /home/chius/repo/gitea/www/themes/PaperMod/layouts/{_default,partials,shortcodes}
Watching for config changes in /home/chius/repo/gitea/www/hugo.toml
Start building sites … 
hugo v0.157.0-7747abbb316b03c8f353fd3be62d5011fa883ee6+extended linux/amd64 BuildDate=2026-02-25T16:38:33Z VendorInfo=gohugoio


                  │ EN 
──────────────────┼────
 Pages            │ 14 
 Paginator pages  │  0 
 Non-page files   │  0 
 Static files     │  0 
 Processed images │  0 
 Aliases          │  3 
 Cleaned          │  0 

Built in 9 ms
Environment: "development"
Serving pages from disk
Running in Fast Render Mode. For full rebuilds on change: hugo server --disableFastRender
Web Server is available at http://localhost:1313/ (bind address 0.0.0.0) 
Press Ctrl+C to stop

Change of config file detected, rebuilding site (#1).
2026-03-28 00:11:33.524 +0800
Web Server is available at http://localhost:1313/ (bind address 0.0.0.0)
Rebuilt in 61 ms

Change of config file detected, rebuilding site (#2).
2026-03-28 00:11:53.097 +0800
Web Server is available at http://localhost:1313/ (bind address 0.0.0.0)
Rebuilt in 48 ms
adding created directory to watchlist /home/chius/repo/gitea/www/content/tags

Change detected, rebuilding site (#3).
2026-03-28 00:17:04.939 +0800
Source changed /tags
Web Server is available at http://localhost:1313/ (bind address 0.0.0.0)
Total in 8 ms

Change detected, rebuilding site (#4).
2026-03-28 00:17:16.916 +0800
Source changed /tags/_index.md
Web Server is available at http://localhost:1313/ (bind address 0.0.0.0)
Total in 8 ms

Change detected, rebuilding site (#5).
2026-03-28 00:17:19.423 +0800
Source changed /tags/_index.md
Web Server is available at http://localhost:1313/ (bind address 0.0.0.0)
Total in 6 ms

Change of config file detected, rebuilding site (#6).
2026-03-28 00:18:42.419 +0800
Web Server is available at http://localhost:1313/ (bind address 0.0.0.0)
Rebuilt in 75 ms

Change detected, rebuilding site (#7).
2026-03-28 00:19:04.138 +0800
Source changed /posts/_index.md
Web Server is available at http://localhost:1313/ (bind address 0.0.0.0)
Total in 11 ms

Change detected, rebuilding site (#8).
2026-03-28 00:19:01.906 +0800
Source changed /posts/_index.md
Web Server is available at http://localhost:1313/ (bind address 0.0.0.0)
Total in 7 ms
